Build started 27/03/2024 1:39:05 AM.
     1>Project "D:\GameSDL\GameSDL\GameSDL.vcxproj" on node 2 (Build target(s)).
     1>ClCompile:
         D:\Visual Studio\VC\bin\CL.exe /c /ZI /nologo /W3 /WX- /Od /Oy- /D WIN32 /D _DEBUG /D _CONSOLE /D _UNICODE /D UNICODE /Gm /EHsc /RTC1 /MDd /GS /fp:precise /Zc:wchar_t /Zc:forScope /Fo"Debug\\" /Fd"Debug\vc110.pdb" /Gd /TP /analyze- /errorReport:prompt AmoObject.cpp BaseObject.cpp Common_Function.cpp Main.cpp MainObject.cpp TextObject.cpp ThreatesObject.cpp
         ThreatesObject.cpp
     1>d:\gamesdl\sdl\sdl_image_1_2_4\include\sdl_image.h(30): fatal error C1083: Cannot open include file: 'SDL.h': No such file or directory
         TextObject.cpp
     1>d:\gamesdl\sdl\sdl_image_1_2_4\include\sdl_image.h(30): fatal error C1083: Cannot open include file: 'SDL.h': No such file or directory
         MainObject.cpp
     1>d:\gamesdl\sdl\sdl_image_1_2_4\include\sdl_image.h(30): fatal error C1083: Cannot open include file: 'SDL.h': No such file or directory
         Main.cpp
     1>d:\gamesdl\sdl\sdl_image_1_2_4\include\sdl_image.h(30): fatal error C1083: Cannot open include file: 'SDL.h': No such file or directory
         Common_Function.cpp
     1>d:\gamesdl\sdl\sdl_image_1_2_4\include\sdl_image.h(30): fatal error C1083: Cannot open include file: 'SDL.h': No such file or directory
         BaseObject.cpp
     1>d:\gamesdl\sdl\sdl_image_1_2_4\include\sdl_image.h(30): fatal error C1083: Cannot open include file: 'SDL.h': No such file or directory
         AmoObject.cpp
     1>d:\gamesdl\sdl\sdl_image_1_2_4\include\sdl_image.h(30): fatal error C1083: Cannot open include file: 'SDL.h': No such file or directory
         Generating Code...
     1>Done Building Project "D:\GameSDL\GameSDL\GameSDL.vcxproj" (Build target(s)) -- FAILED.

Build FAILED.

Time Elapsed 00:00:07.10
